2026-03-20 15:02:58,222 [INFO] ============================================================
2026-03-20 15:02:58,222 [INFO] URL Backfill (no page visits)
2026-03-20 15:02:58,222 [INFO] ============================================================
2026-03-20 15:02:58,222 [INFO]   Entries missing URLs: 13298
2026-03-20 15:02:58,222 [INFO]   Starting from: 1909-09-04
2026-03-20 15:02:58,223 [INFO]   Max updates: 20
2026-03-20 15:02:58,223 [INFO]   Log: c:\lake_worth\collector_logs\backfill_20260320_150258.log
2026-03-20 15:04:01,129 [ERROR] Error: Message: session not created: cannot connect to chrome at 127.0.0.1:52268
from chrome not reachable; For documentation on this error, please visit: https://www.selenium.dev/documentation/webdriver/troubleshooting/errors#sessionnotcreatedexception
Stacktrace:
Symbols not available. Dumping unresolved backtrace:
	0x337dd3
	0x337e14
	0x141bee
	0x135408
	0x17c2a2
	0x172555
	0x172376
	0x1baa9f
	0x1ba2b7
	0x1ae7d6
	0x180049
	0x180e04
	0x596924
	0x591bf7
	0x5af5a0
	0x350f58
	0x35891d
	0x340648
	0x340812
	0x32a21a
	0x75cbfcc9
	0x77db809e
	0x77db806e
	(nil)
Traceback (most recent call last):
  File "C:\lake_worth\backfill_urls.py", line 228, in main
    driver = setup_driver()
  File "C:\lake_worth\backfill_urls.py", line 95, in setup_driver
    driver = uc.Chrome(options=options, version_main=145)
  File "C:\Users\Michael\AppData\Local\Programs\Python\Python314\Lib\site-packages\undetected_chromedriver\__init__.py", line 466, in __init__
    super(Chrome, self).__init__(
    ~~~~~~~~~~~~~~~~~~~~~~~~~~~~^
        service=service,
        ^^^^^^^^^^^^^^^^
        options=options,
        ^^^^^^^^^^^^^^^^
        keep_alive=keep_alive,
        ^^^^^^^^^^^^^^^^^^^^^^
    )
    ^
  File "C:\Users\Michael\AppData\Local\Programs\Python\Python314\Lib\site-packages\selenium\webdriver\chrome\webdriver.py", line 45, in __init__
    super().__init__(
    ~~~~~~~~~~~~~~~~^
        browser_name=DesiredCapabilities.CHROME["browserName"],
        ^^^^^^^^^^^^^^^^^^^^^^^^^^^^^^^^^^^^^^^^^^^^^^^^^^^^^^^
    ...<3 lines>...
        keep_alive=keep_alive,
        ^^^^^^^^^^^^^^^^^^^^^^
    )
    ^
  File "C:\Users\Michael\AppData\Local\Programs\Python\Python314\Lib\site-packages\selenium\webdriver\chromium\webdriver.py", line 66, in __init__
    super().__init__(command_executor=executor, options=self.options)
    ~~~~~~~~~~~~~~~~^^^^^^^^^^^^^^^^^^^^^^^^^^^^^^^^^^^^^^^^^^^^^^^^^
  File "C:\Users\Michael\AppData\Local\Programs\Python\Python314\Lib\site-packages\selenium\webdriver\common\webdriver.py", line 25, in __init__
    super().__init__(*args, **kwargs)
    ~~~~~~~~~~~~~~~~^^^^^^^^^^^^^^^^^
  File "C:\Users\Michael\AppData\Local\Programs\Python\Python314\Lib\site-packages\selenium\webdriver\remote\webdriver.py", line 271, in __init__
    self.start_session(capabilities)
    ~~~~~~~~~~~~~~~~~~^^^^^^^^^^^^^^
  File "C:\Users\Michael\AppData\Local\Programs\Python\Python314\Lib\site-packages\undetected_chromedriver\__init__.py", line 724, in start_session
    super(selenium.webdriver.chrome.webdriver.WebDriver, self).start_session(
    ~~~~~~~~~~~~~~~~~~~~~~~~~~~~~~~~~~~~~~~~~~~~~~~~~~~~~~~~~~~~~~~~~~~~~~~~^
        capabilities
        ^^^^^^^^^^^^
    )
    ^
  File "C:\Users\Michael\AppData\Local\Programs\Python\Python314\Lib\site-packages\selenium\webdriver\remote\webdriver.py", line 366, in start_session
    response = self.execute(Command.NEW_SESSION, caps)["value"]
               ~~~~~~~~~~~~^^^^^^^^^^^^^^^^^^^^^^^^^^^
  File "C:\Users\Michael\AppData\Local\Programs\Python\Python314\Lib\site-packages\selenium\webdriver\remote\webdriver.py", line 446, in execute
    self.error_handler.check_response(response)
    ~~~~~~~~~~~~~~~~~~~~~~~~~~~~~~~~~^^^^^^^^^^
  File "C:\Users\Michael\AppData\Local\Programs\Python\Python314\Lib\site-packages\selenium\webdriver\remote\errorhandler.py", line 232, in check_response
    raise exception_class(message, screen, stacktrace)
selenium.common.exceptions.SessionNotCreatedException: Message: session not created: cannot connect to chrome at 127.0.0.1:52268
from chrome not reachable; For documentation on this error, please visit: https://www.selenium.dev/documentation/webdriver/troubleshooting/errors#sessionnotcreatedexception
Stacktrace:
Symbols not available. Dumping unresolved backtrace:
	0x337dd3
	0x337e14
	0x141bee
	0x135408
	0x17c2a2
	0x172555
	0x172376
	0x1baa9f
	0x1ba2b7
	0x1ae7d6
	0x180049
	0x180e04
	0x596924
	0x591bf7
	0x5af5a0
	0x350f58
	0x35891d
	0x340648
	0x340812
	0x32a21a
	0x75cbfcc9
	0x77db809e
	0x77db806e
	(nil)

2026-03-20 15:04:01,248 [INFO] ============================================================
2026-03-20 15:04:01,248 [INFO] DONE
2026-03-20 15:04:01,248 [INFO]   URLs updated: 0
2026-03-20 15:04:01,249 [INFO]   Unmatched results: 0
2026-03-20 15:04:01,249 [INFO]   Still missing: 13298
2026-03-20 15:04:01,249 [INFO] ============================================================
