2026-03-20 14:53:25,171 [INFO] ============================================================
2026-03-20 14:53:25,171 [INFO] URL Backfill (no page visits)
2026-03-20 14:53:25,172 [INFO] ============================================================
2026-03-20 14:53:25,172 [INFO]   Entries missing URLs: 13298
2026-03-20 14:53:25,172 [INFO]   Starting from: 1909-09-04
2026-03-20 14:53:25,172 [INFO]   Log: c:\lake_worth\collector_logs\backfill_20260320_145325.log
2026-03-20 14:53:36,941 [INFO] 
>>> SESSION 1 from 1909-09-04
2026-03-20 14:53:44,567 [INFO]   10 results collected...
2026-03-20 14:53:54,003 [INFO]   20 results collected...
2026-03-20 14:54:03,390 [INFO]   30 results collected...
2026-03-20 14:54:13,250 [INFO]   40 results collected...
2026-03-20 14:54:23,041 [INFO]   50 results collected...
2026-03-20 14:54:32,935 [INFO]   60 results collected...
2026-03-20 14:54:42,958 [INFO]   70 results collected...
2026-03-20 14:54:53,056 [INFO]   80 results collected...
2026-03-20 14:55:03,249 [INFO]   90 results collected...
2026-03-20 14:55:14,151 [INFO]   100 results collected...
2026-03-20 14:55:24,955 [INFO]   110 results collected...
2026-03-20 14:55:35,415 [INFO]   120 results collected...
2026-03-20 14:55:45,997 [INFO]   130 results collected...
2026-03-20 14:55:56,568 [INFO]   140 results collected...
2026-03-20 14:56:07,489 [INFO]   150 results collected...
2026-03-20 14:56:18,426 [INFO]   160 results collected...
2026-03-20 14:56:29,838 [INFO]   170 results collected...
2026-03-20 14:56:41,582 [INFO]   180 results collected...
2026-03-20 14:56:53,443 [INFO]   190 results collected...
2026-03-20 14:57:05,385 [INFO]   200 results collected...
2026-03-20 14:57:17,762 [INFO]   210 results collected...
2026-03-20 14:57:30,240 [INFO]   220 results collected...
2026-03-20 14:57:42,803 [INFO]   230 results collected...
2026-03-20 14:57:55,413 [INFO]   240 results collected...
2026-03-20 14:58:08,264 [INFO]   250 results collected...
2026-03-20 14:58:21,263 [INFO]   260 results collected...
2026-03-20 14:58:34,409 [INFO]   270 results collected...
