2026-03-20 15:58:59,532 [INFO] ============================================================
2026-03-20 15:58:59,532 [INFO] Full-Page Clipper + Article Extractor
2026-03-20 15:58:59,532 [INFO] ============================================================
2026-03-20 15:58:59,532 [INFO]   Unclipped entries: 13297
2026-03-20 15:58:59,532 [INFO]   Starting from: 1914-09-09
2026-03-20 15:58:59,532 [INFO]   Max pages: 1
2026-03-20 15:58:59,533 [INFO]   Throttle: 450 views/hour
2026-03-20 15:58:59,533 [INFO]   Log: c:\lake_worth\collector_logs\clipper_20260320_155859.log
2026-03-20 15:59:07,466 [INFO] Already logged in.
2026-03-20 15:59:13,135 [INFO] 
>>> Searching 1914-09-09 to 1914-10-09
2026-03-20 15:59:19,713 [INFO]   Found 10 results
2026-03-20 15:59:23,395 [INFO]     Page: Fort_Worth_Record_Telegram_1914_09_09_10.pdf
2026-03-20 15:59:28,554 [INFO]     Clicked Clip button
2026-03-20 15:59:33,561 [INFO]     Viewer bounds: (0,106) to (1426,765)
2026-03-20 15:59:33,561 [INFO]     NW handle at (643,224), SE handle at (735,366)
2026-03-20 15:59:33,571 [INFO]     Dragging NW by (-633, -108)
2026-03-20 15:59:36,523 [INFO]     Dragged NW handle to top-left
2026-03-20 15:59:36,533 [INFO]     SE handle now at (735,366)
2026-03-20 15:59:36,534 [INFO]     Dragging SE by (681, 388)
2026-03-20 15:59:37,019 [ERROR]     Clip error: Message: move target out of bounds
  (Session info: chrome=146.0.7680.153)
Stacktrace:
Symbols not available. Dumping unresolved backtrace:
	0x337dd3
	0x337e14
	0x141bee
	0x1d4037
	0x1aea3c
	0x1cb621
	0x1ae7d6
	0x180049
	0x180e04
	0x596924
	0x591bf7
	0x5af5a0
	0x350f58
	0x35891d
	0x340648
	0x340812
	0x32a21a
	0x75cbfcc9
	0x77db809e
	0x77db806e
	(nil)

2026-03-20 15:59:44,141 [INFO]     Page: Fort_Worth_Star_Telegram_1914_09_09_7.pdf
2026-03-20 15:59:49,295 [INFO]     Clicked Clip button
2026-03-20 15:59:54,302 [INFO]     Viewer bounds: (0,106) to (1426,765)
2026-03-20 15:59:54,302 [INFO]     NW handle at (642,227), SE handle at (742,383)
2026-03-20 15:59:54,313 [INFO]     Dragging NW by (-632, -111)
2026-03-20 15:59:57,288 [INFO]     Dragged NW handle to top-left
2026-03-20 15:59:57,297 [INFO]     SE handle now at (742,383)
2026-03-20 15:59:57,297 [INFO]     Dragging SE by (673, 372)
2026-03-20 15:59:57,802 [ERROR]     Clip error: Message: move target out of bounds
  (Session info: chrome=146.0.7680.153)
Stacktrace:
Symbols not available. Dumping unresolved backtrace:
	0x337dd3
	0x337e14
	0x141bee
	0x1d4037
	0x1aea3c
	0x1cb621
	0x1ae7d6
	0x180049
	0x180e04
	0x596924
	0x591bf7
	0x5af5a0
	0x350f58
	0x35891d
	0x340648
	0x340812
	0x32a21a
	0x75cbfcc9
	0x77db809e
	0x77db806e
	(nil)

2026-03-20 16:00:05,126 [INFO]     Page: Fort_Worth_Star_Telegram_1914_09_10_6.pdf
